
Дата вызова функции: 2023-02-16
Время вызова функции: 14:51:49
Имя функции: flat_generator()
Аргументы функции: (([['a', 'b', 'c'], ['d', 'e', 'f', 'h', False], [1, 2, None]],), {})
Возвращаемое значение функции: <generator object flat_generator at 0x0000024A51F47660>
**************************************************

Дата вызова функции: 2023-02-16
Время вызова функции: 14:51:49
Имя функции: flat_generator()
Аргументы функции: (([['a', 'b', 'c'], ['d', 'e', 'f', 'h', False], [1, 2, None]],), {})
Возвращаемое значение функции: <generator object flat_generator at 0x0000024A51F47660>
**************************************************

Дата вызова функции: 2023-02-16
Время вызова функции: 14:51:49
Имя функции: flat_generator()
Аргументы функции: (([['a', 'b', 'c'], ['d', 'e', 'f', 'h', False], [1, 2, None]],), {})
Возвращаемое значение функции: <generator object flat_generator at 0x0000024A51F47660>
**************************************************

Дата вызова функции: 2023-02-16
Время вызова функции: 14:51:49
Имя функции: flat_generator()
Аргументы функции: (([['a', 'b', 'c'], ['d', 'e', 'f', 'h', False], [1, 2, None]],), {})
Возвращаемое значение функции: <generator object flat_generator at 0x0000024A51F47660>
**************************************************

Дата вызова функции: 2023-02-16
Время вызова функции: 14:51:49
Имя функции: test_2()
Аргументы функции: ((), {})
Возвращаемое значение функции: None
**************************************************
